# JRE version: OpenJDK Runtime Environment Temurin-17.0.10+7 (17.0.10+7) (build 17.0.10+7)
# Java VM: OpenJDK 64-Bit Server VM Temurin-17.0.10+7 (17.0.10+7, mixed mode, tiered, compressed oops, compressed class ptrs, parallel gc, windows-amd64)
GC Precious Log:
 CPUs: 28 total, 28 available
 Memory: 65349M
 Large Page Support: Disabled
 NUMA Support: Disabled
 Compressed Oops: Enabled (32-bit)
 Alignments: Space 512K, Generation 512K, Heap 2M
 Heap Min Capacity: 100M
 Heap Initial Capacity: 100M
 Heap Max Capacity: 1G
 Pre-touch: Disabled
 Parallel Workers: 20
Heap:
 PSYoungGen      total 6144K, used 2127K [0x00000000eab00000, 0x00000000eb780000, 0x0000000100000000)
  eden space 5632K, 37% used [0x00000000eab00000,0x00000000ead13d30,0x00000000eb080000)
  from space 512K, 0% used [0x00000000eb180000,0x00000000eb180000,0x00000000eb200000)
  to   space 3584K, 0% used [0x00000000eb400000,0x00000000eb400000,0x00000000eb780000)
 ParOldGen       total 114176K, used 79268K [0x00000000c0000000, 0x00000000c6f80000, 0x00000000eab00000)
  object space 114176K, 69% used [0x00000000c0000000,0x00000000c4d69298,0x00000000c6f80000)
 Metaspace       used 71650K, committed 72768K, reserved 1114112K
  class space    used 7651K, committed 8128K, reserved 1048576K
GC Heap History (20 events):
Event: 7.573 GC heap before
{Heap before GC invocations=45 (full 4):
 PSYoungGen      total 17408K, used 15360K [0x00000000eab00000, 0x00000000ebe00000, 0x0000000100000000)
  eden space 15360K, 100% used [0x00000000eab00000,0x00000000eba00000,0x00000000eba00000)
  from space 2048K, 0% used [0x00000000eba00000,0x00000000eba00000,0x00000000ebc00000)
  to   space 2048K, 0% used [0x00000000ebc00000,0x00000000ebc00000,0x00000000ebe00000)
 ParOldGen       total 92160K, used 59945K [0x00000000c0000000, 0x00000000c5a00000, 0x00000000eab00000)
  object space 92160K, 65% used [0x00000000c0000000,0x00000000c3a8a470,0x00000000c5a00000)
 Metaspace       used 71507K, committed 72640K, reserved 1114112K
  class space    used 7642K, committed 8128K, reserved 1048576K
}
Event: 7.576 GC heap after
{Heap after GC invocations=45 (full 4):
 PSYoungGen      total 6144K, used 2048K [0x00000000eab00000, 0x00000000ed400000, 0x0000000100000000)
  eden space 4096K, 0% used [0x00000000eab00000,0x00000000eab00000,0x00000000eaf00000)
  from space 2048K, 100% used [0x00000000ebc00000,0x00000000ebe00000,0x00000000ebe00000)
  to   space 13312K, 0% used [0x00000000eaf00000,0x00000000eaf00000,0x00000000ebc00000)
 ParOldGen       total 92160K, used 69353K [0x00000000c0000000, 0x00000000c5a00000, 0x00000000eab00000)
  object space 92160K, 75% used [0x00000000c0000000,0x00000000c43ba470,0x00000000c5a00000)
 Metaspace       used 71507K, committed 72640K, reserved 1114112K
  class space    used 7642K, committed 8128K, reserved 1048576K
}
Event: 7.579 GC heap before
{Heap before GC invocations=46 (full 4):
 PSYoungGen      total 6144K, used 6144K [0x00000000eab00000, 0x00000000ed400000, 0x0000000100000000)
  eden space 4096K, 100% used [0x00000000eab00000,0x00000000eaf00000,0x00000000eaf00000)
  from space 2048K, 100% used [0x00000000ebc00000,0x00000000ebe00000,0x00000000ebe00000)
  to   space 13312K, 0% used [0x00000000eaf00000,0x00000000eaf00000,0x00000000ebc00000)
 ParOldGen       total 92160K, used 69353K [0x00000000c0000000, 0x00000000c5a00000, 0x00000000eab00000)
  object space 92160K, 75% used [0x00000000c0000000,0x00000000c43ba470,0x00000000c5a00000)
 Metaspace       used 71507K, committed 72640K, reserved 1114112K
  class space    used 7642K, committed 8128K, reserved 1048576K
}
Event: 7.580 GC heap after
{Heap after GC invocations=46 (full 4):
 PSYoungGen      total 7680K, used 3360K [0x00000000eab00000, 0x00000000ebc80000, 0x0000000100000000)
  eden space 4096K, 0% used [0x00000000eab00000,0x00000000eab00000,0x00000000eaf00000)
  from space 3584K, 93% used [0x00000000eaf00000,0x00000000eb248000,0x00000000eb280000)
  to   space 6656K, 0% used [0x00000000eb600000,0x00000000eb600000,0x00000000ebc80000)
 ParOldGen       total 92160K, used 71465K [0x00000000c0000000, 0x00000000c5a00000, 0x00000000eab00000)
  object space 92160K, 77% used [0x00000000c0000000,0x00000000c45ca470,0x00000000c5a00000)
 Metaspace       used 71507K, committed 72640K, reserved 1114112K
  class space    used 7642K, committed 8128K, reserved 1048576K
}
Event: 7.583 GC heap before
{Heap before GC invocations=47 (full 4):
 PSYoungGen      total 7680K, used 7456K [0x00000000eab00000, 0x00000000ebc80000, 0x0000000100000000)
  eden space 4096K, 100% used [0x00000000eab00000,0x00000000eaf00000,0x00000000eaf00000)
  from space 3584K, 93% used [0x00000000eaf00000,0x00000000eb248000,0x00000000eb280000)
  to   space 6656K, 0% used [0x00000000eb600000,0x00000000eb600000,0x00000000ebc80000)
 ParOldGen       total 92160K, used 71465K [0x00000000c0000000, 0x00000000c5a00000, 0x00000000eab00000)
  object space 92160K, 77% used [0x00000000c0000000,0x00000000c45ca470,0x00000000c5a00000)
 Metaspace       used 71507K, committed 72640K, reserved 1114112K
  class space    used 7642K, committed 8128K, reserved 1048576K
}
Event: 7.584 GC heap after
{Heap after GC invocations=47 (full 4):
 PSYoungGen      total 7680K, used 3296K [0x00000000eab00000, 0x00000000eb980000, 0x0000000100000000)
  eden space 4096K, 0% used [0x00000000eab00000,0x00000000eab00000,0x00000000eaf00000)
  from space 3584K, 91% used [0x00000000eb600000,0x00000000eb938000,0x00000000eb980000)
  to   space 4096K, 0% used [0x00000000eb180000,0x00000000eb180000,0x00000000eb580000)
 ParOldGen       total 92160K, used 74665K [0x00000000c0000000, 0x00000000c5a00000, 0x00000000eab00000)
  object space 92160K, 81% used [0x00000000c0000000,0x00000000c48ea470,0x00000000c5a00000)
 Metaspace       used 71507K, committed 72640K, reserved 1114112K
  class space    used 7642K, committed 8128K, reserved 1048576K
}
Event: 7.587 GC heap before
{Heap before GC invocations=48 (full 4):
 PSYoungGen      total 7680K, used 7392K [0x00000000eab00000, 0x00000000eb980000, 0x0000000100000000)
  eden space 4096K, 100% used [0x00000000eab00000,0x00000000eaf00000,0x00000000eaf00000)
  from space 3584K, 91% used [0x00000000eb600000,0x00000000eb938000,0x00000000eb980000)
  to   space 4096K, 0% used [0x00000000eb180000,0x00000000eb180000,0x00000000eb580000)
 ParOldGen       total 92160K, used 74665K [0x00000000c0000000, 0x00000000c5a00000, 0x00000000eab00000)
  object space 92160K, 81% used [0x00000000c0000000,0x00000000c48ea470,0x00000000c5a00000)
 Metaspace       used 71509K, committed 72640K, reserved 1114112K
  class space    used 7642K, committed 8128K, reserved 1048576K
}
Event: 7.588 GC heap after
{Heap after GC invocations=48 (full 4):
 PSYoungGen      total 7680K, used 3360K [0x00000000eab00000, 0x00000000eb680000, 0x0000000100000000)
  eden space 4096K, 0% used [0x00000000eab00000,0x00000000eab00000,0x00000000eaf00000)
  from space 3584K, 93% used [0x00000000eb180000,0x00000000eb4c8000,0x00000000eb500000)
  to   space 1536K, 0% used [0x00000000eb500000,0x00000000eb500000,0x00000000eb680000)
 ParOldGen       total 92160K, used 77849K [0x00000000c0000000, 0x00000000c5a00000, 0x00000000eab00000)
  object space 92160K, 84% used [0x00000000c0000000,0x00000000c4c06470,0x00000000c5a00000)
 Metaspace       used 71509K, committed 72640K, reserved 1114112K
  class space    used 7642K, committed 8128K, reserved 1048576K
}
Event: 7.591 GC heap before
{Heap before GC invocations=49 (full 4):
 PSYoungGen      total 7680K, used 7456K [0x00000000eab00000, 0x00000000eb680000, 0x0000000100000000)
  eden space 4096K, 100% used [0x00000000eab00000,0x00000000eaf00000,0x00000000eaf00000)
  from space 3584K, 93% used [0x00000000eb180000,0x00000000eb4c8000,0x00000000eb500000)
  to   space 1536K, 0% used [0x00000000eb500000,0x00000000eb500000,0x00000000eb680000)
 ParOldGen       total 92160K, used 77849K [0x00000000c0000000, 0x00000000c5a00000, 0x00000000eab00000)
  object space 92160K, 84% used [0x00000000c0000000,0x00000000c4c06470,0x00000000c5a00000)
 Metaspace       used 71509K, committed 72640K, reserved 1114112K
  class space    used 7642K, committed 8128K, reserved 1048576K
}
Event: 7.592 GC heap after
{Heap after GC invocations=49 (full 4):
 PSYoungGen      total 4608K, used 1536K [0x00000000eab00000, 0x00000000ebe00000, 0x0000000100000000)
  eden space 3072K, 0% used [0x00000000eab00000,0x00000000eab00000,0x00000000eae00000)
  from space 1536K, 100% used [0x00000000eb500000,0x00000000eb680000,0x00000000eb680000)
  to   space 7168K, 0% used [0x00000000eae00000,0x00000000eae00000,0x00000000eb500000)
 ParOldGen       total 92160K, used 82553K [0x00000000c0000000, 0x00000000c5a00000, 0x00000000eab00000)
  object space 92160K, 89% used [0x00000000c0000000,0x00000000c509e470,0x00000000c5a00000)
 Metaspace       used 71509K, committed 72640K, reserved 1114112K
  class space    used 7642K, committed 8128K, reserved 1048576K
}
Event: 7.594 GC heap before
{Heap before GC invocations=50 (full 4):
 PSYoungGen      total 4608K, used 4608K [0x00000000eab00000, 0x00000000ebe00000, 0x0000000100000000)
  eden space 3072K, 100% used [0x00000000eab00000,0x00000000eae00000,0x00000000eae00000)
  from space 1536K, 100% used [0x00000000eb500000,0x00000000eb680000,0x00000000eb680000)
  to   space 7168K, 0% used [0x00000000eae00000,0x00000000eae00000,0x00000000eb500000)
 ParOldGen       total 92160K, used 82553K [0x00000000c0000000, 0x00000000c5a00000, 0x00000000eab00000)
  object space 92160K, 89% used [0x00000000c0000000,0x00000000c509e470,0x00000000c5a00000)
 Metaspace       used 71510K, committed 72640K, reserved 1114112K
  class space    used 7642K, committed 8128K, reserved 1048576K
}
Event: 7.595 GC heap after
{Heap after GC invocations=50 (full 4):
 PSYoungGen      total 6144K, used 2592K [0x00000000eab00000, 0x00000000eb700000, 0x0000000100000000)
  eden space 3072K, 0% used [0x00000000eab00000,0x00000000eab00000,0x00000000eae00000)
  from space 3072K, 84% used [0x00000000eae00000,0x00000000eb088000,0x00000000eb100000)
  to   space 4096K, 0% used [0x00000000eb300000,0x00000000eb300000,0x00000000eb700000)
 ParOldGen       total 92160K, used 84169K [0x00000000c0000000, 0x00000000c5a00000, 0x00000000eab00000)
  object space 92160K, 91% used [0x00000000c0000000,0x00000000c5232470,0x00000000c5a00000)
 Metaspace       used 71510K, committed 72640K, reserved 1114112K
  class space    used 7642K, committed 8128K, reserved 1048576K
}
Event: 7.597 GC heap before
{Heap before GC invocations=51 (full 4):
 PSYoungGen      total 6144K, used 5664K [0x00000000eab00000, 0x00000000eb700000, 0x0000000100000000)
  eden space 3072K, 100% used [0x00000000eab00000,0x00000000eae00000,0x00000000eae00000)
  from space 3072K, 84% used [0x00000000eae00000,0x00000000eb088000,0x00000000eb100000)
  to   space 4096K, 0% used [0x00000000eb300000,0x00000000eb300000,0x00000000eb700000)
 ParOldGen       total 92160K, used 84169K [0x00000000c0000000, 0x00000000c5a00000, 0x00000000eab00000)
  object space 92160K, 91% used [0x00000000c0000000,0x00000000c5232470,0x00000000c5a00000)
 Metaspace       used 71510K, committed 72640K, reserved 1114112K
  class space    used 7642K, committed 8128K, reserved 1048576K
}
Event: 7.598 GC heap after
{Heap after GC invocations=51 (full 4):
 PSYoungGen      total 6656K, used 2496K [0x00000000eab00000, 0x00000000eb580000, 0x0000000100000000)
  eden space 4096K, 0% used [0x00000000eab00000,0x00000000eab00000,0x00000000eaf00000)
  from space 2560K, 97% used [0x00000000eb300000,0x00000000eb570000,0x00000000eb580000)
  to   space 3072K, 0% used [0x00000000eaf80000,0x00000000eaf80000,0x00000000eb280000)
 ParOldGen       total 92160K, used 86609K [0x00000000c0000000, 0x00000000c5a00000, 0x00000000eab00000)
  object space 92160K, 93% used [0x00000000c0000000,0x00000000c5494470,0x00000000c5a00000)
 Metaspace       used 71510K, committed 72640K, reserved 1114112K
  class space    used 7642K, committed 8128K, reserved 1048576K
}
Event: 7.601 GC heap before
{Heap before GC invocations=52 (full 4):
 PSYoungGen      total 6656K, used 6592K [0x00000000eab00000, 0x00000000eb580000, 0x0000000100000000)
  eden space 4096K, 100% used [0x00000000eab00000,0x00000000eaf00000,0x00000000eaf00000)
  from space 2560K, 97% used [0x00000000eb300000,0x00000000eb570000,0x00000000eb580000)
  to   space 3072K, 0% used [0x00000000eaf80000,0x00000000eaf80000,0x00000000eb280000)
 ParOldGen       total 92160K, used 86609K [0x00000000c0000000, 0x00000000c5a00000, 0x00000000eab00000)
  object space 92160K, 93% used [0x00000000c0000000,0x00000000c5494470,0x00000000c5a00000)
 Metaspace       used 71510K, committed 72640K, reserved 1114112K
  class space    used 7642K, committed 8128K, reserved 1048576K
}
Event: 7.602 GC heap after
{Heap after GC invocations=52 (full 4):
 PSYoungGen      total 7680K, used 3072K [0x00000000eab00000, 0x00000000ebc00000, 0x0000000100000000)
  eden space 4608K, 0% used [0x00000000eab00000,0x00000000eab00000,0x00000000eaf80000)
  from space 3072K, 100% used [0x00000000eaf80000,0x00000000eb280000,0x00000000eb280000)
  to   space 6144K, 0% used [0x00000000eb600000,0x00000000eb600000,0x00000000ebc00000)
 ParOldGen       total 92160K, used 89129K [0x00000000c0000000, 0x00000000c5a00000, 0x00000000eab00000)
  object space 92160K, 96% used [0x00000000c0000000,0x00000000c570a470,0x00000000c5a00000)
 Metaspace       used 71510K, committed 72640K, reserved 1114112K
  class space    used 7642K, committed 8128K, reserved 1048576K
}
Event: 7.879 GC heap before
{Heap before GC invocations=53 (full 4):
 PSYoungGen      total 7680K, used 7680K [0x00000000eab00000, 0x00000000ebc00000, 0x0000000100000000)
  eden space 4608K, 100% used [0x00000000eab00000,0x00000000eaf80000,0x00000000eaf80000)
  from space 3072K, 100% used [0x00000000eaf80000,0x00000000eb280000,0x00000000eb280000)
  to   space 6144K, 0% used [0x00000000eb600000,0x00000000eb600000,0x00000000ebc00000)
 ParOldGen       total 92160K, used 89129K [0x00000000c0000000, 0x00000000c5a00000, 0x00000000eab00000)
  object space 92160K, 96% used [0x00000000c0000000,0x00000000c570a470,0x00000000c5a00000)
 Metaspace       used 71579K, committed 72704K, reserved 1114112K
  class space    used 7646K, committed 8128K, reserved 1048576K
}
Event: 7.882 GC heap after
{Heap after GC invocations=53 (full 4):
 PSYoungGen      total 7168K, used 2304K [0x00000000eab00000, 0x00000000eb880000, 0x0000000100000000)
  eden space 4608K, 0% used [0x00000000eab00000,0x00000000eab00000,0x00000000eaf80000)
  from space 2560K, 90% used [0x00000000eb600000,0x00000000eb840020,0x00000000eb880000)
  to   space 3584K, 0% used [0x00000000eb180000,0x00000000eb180000,0x00000000eb500000)
 ParOldGen       total 92160K, used 92137K [0x00000000c0000000, 0x00000000c5a00000, 0x00000000eab00000)
  object space 92160K, 99% used [0x00000000c0000000,0x00000000c59fa470,0x00000000c5a00000)
 Metaspace       used 71579K, committed 72704K, reserved 1114112K
  class space    used 7646K, committed 8128K, reserved 1048576K
}
Event: 7.882 GC heap before
{Heap before GC invocations=54 (full 5):
 PSYoungGen      total 7168K, used 2304K [0x00000000eab00000, 0x00000000eb880000, 0x0000000100000000)
  eden space 4608K, 0% used [0x00000000eab00000,0x00000000eab00000,0x00000000eaf80000)
  from space 2560K, 90% used [0x00000000eb600000,0x00000000eb840020,0x00000000eb880000)
  to   space 3584K, 0% used [0x00000000eb180000,0x00000000eb180000,0x00000000eb500000)
 ParOldGen       total 92160K, used 92137K [0x00000000c0000000, 0x00000000c5a00000, 0x00000000eab00000)
  object space 92160K, 99% used [0x00000000c0000000,0x00000000c59fa470,0x00000000c5a00000)
 Metaspace       used 71579K, committed 72704K, reserved 1114112K
  class space    used 7646K, committed 8128K, reserved 1048576K
}
Event: 7.916 GC heap after
{Heap after GC invocations=54 (full 5):
 PSYoungGen      total 6144K, used 0K [0x00000000eab00000, 0x00000000eb780000, 0x0000000100000000)
  eden space 5632K, 0% used [0x00000000eab00000,0x00000000eab00000,0x00000000eb080000)
  from space 512K, 0% used [0x00000000eb180000,0x00000000eb180000,0x00000000eb200000)
  to   space 3584K, 0% used [0x00000000eb400000,0x00000000eb400000,0x00000000eb780000)
 ParOldGen       total 114176K, used 79268K [0x00000000c0000000, 0x00000000c6f80000, 0x00000000eab00000)
  object space 114176K, 69% used [0x00000000c0000000,0x00000000c4d69298,0x00000000c6f80000)
 Metaspace       used 71579K, committed 72704K, reserved 1114112K
  class space    used 7646K, committed 8128K, reserved 1048576K
}

